Starting a Gradle Daemon, 8 busy and 1 stopped Daemons could not be reused, use --status for details
> Task :compileJava UP-TO-DATE
> Task :processResources UP-TO-DATE
> Task :classes UP-TO-DATE
> Task :resolveMainClassName UP-TO-DATE

> Task :bootRun

  .   ____          _            __ _ _
 /\\ / ___'_ __ _ _(_)_ __  __ _ \ \ \ \
( ( )\___ | '_ | '_| | '_ \/ _` | \ \ \ \
 \\/  ___)| |_)| | | | | || (_| |  ) ) ) )
  '  |____| .__|_| |_|_| |_\__, | / / / /
 =========|_|==============|___/=/_/_/_/
 :: Spring Boot ::                (v3.0.2)

2023-03-16T20:23:03.166-06:00  INFO 11996 --- [           main] com.birthdaywisher.server.Application    : Starting Application using Java 19.0.2 with PID 11996 (D:\Documents\20 University\10 Classes\Year 5\CPSC 559\birthday-wisher\server\build\classes\java\main started by jessi in D:\Documents\20 University\10 Classes\Year 5\CPSC 559\birthday-wisher\server)
2023-03-16T20:23:03.172-06:00  INFO 11996 --- [           main] com.birthdaywisher.server.Application    : The following 1 profile is active: "inst2"
2023-03-16T20:23:04.196-06:00  INFO 11996 --- [           main] .s.d.r.c.RepositoryConfigurationDelegate : Bootstrapping Spring Data MongoDB repositories in DEFAULT mode.
2023-03-16T20:23:04.303-06:00  INFO 11996 --- [           main] .s.d.r.c.RepositoryConfigurationDelegate : Finished Spring Data repository scanning in 99 ms. Found 2 MongoDB repository interfaces.
2023-03-16T20:23:05.170-06:00  INFO 11996 --- [           main] o.s.b.w.embedded.tomcat.TomcatWebServer  : Tomcat initialized with port(s): 8081 (http)
2023-03-16T20:23:05.182-06:00  INFO 11996 --- [           main] o.apache.catalina.core.StandardService   : Starting service [Tomcat]
2023-03-16T20:23:05.183-06:00  INFO 11996 --- [           main] o.apache.catalina.core.StandardEngine    : Starting Servlet engine: [Apache Tomcat/10.1.5]
2023-03-16T20:23:05.308-06:00  INFO 11996 --- [           main] o.a.c.c.C.[Tomcat].[localhost].[/]       : Initializing Spring embedded WebApplicationContext
2023-03-16T20:23:05.310-06:00  INFO 11996 --- [           main] w.s.c.ServletWebServerApplicationContext : Root WebApplicationContext: initialization completed in 2052 ms
Leader Election Service instantiated
2023-03-16T20:23:05.579-06:00  INFO 11996 --- [           main] org.mongodb.driver.client                : MongoClient with metadata {"driver": {"name": "mongo-java-driver|sync|spring-boot", "version": "4.8.2"}, "os": {"type": "Windows", "name": "Windows 10", "architecture": "amd64", "version": "10.0"}, "platform": "Java/Oracle Corporation/19.0.2+7-44"} created with settings MongoClientSettings{readPreference=primary, writeConcern=WriteConcern{w=null, wTimeout=null ms, journal=null}, retryWrites=true, retryReads=true, readConcern=ReadConcern{level=null}, credential=MongoCredential{mechanism=null, userName='db-user', source='admin', password=<hidden>, mechanismProperties=<hidden>}, streamFactoryFactory=null, commandListeners=[], codecRegistry=ProvidersCodecRegistry{codecProviders=[ValueCodecProvider{}, BsonValueCodecProvider{}, DBRefCodecProvider{}, DBObjectCodecProvider{}, DocumentCodecProvider{}, CollectionCodecProvider{}, IterableCodecProvider{}, MapCodecProvider{}, GeoJsonCodecProvider{}, GridFSFileCodecProvider{}, Jsr310CodecProvider{}, JsonObjectCodecProvider{}, BsonCodecProvider{}, EnumCodecProvider{}, com.mongodb.Jep395RecordCodecProvider@67507df]}, clusterSettings={hosts=[127.0.0.1:27017], srvHost=cluster0.0kje8ws.mongodb.net, srvServiceName=mongodb, mode=MULTIPLE, requiredClusterType=REPLICA_SET, requiredReplicaSetName='atlas-7j47yl-shard-0', serverSelector='null', clusterListeners='[]', serverSelectionTimeout='30000 ms', localThreshold='30000 ms'}, socketSettings=SocketSettings{connectTimeoutMS=10000, readTimeoutMS=0, receiveBufferSize=0, sendBufferSize=0}, heartbeatSocketSettings=SocketSettings{connectTimeoutMS=10000, readTimeoutMS=10000, receiveBufferSize=0, sendBufferSize=0}, connectionPoolSettings=ConnectionPoolSettings{maxSize=100, minSize=0, maxWaitTimeMS=120000, maxConnectionLifeTimeMS=0, maxConnectionIdleTimeMS=0, maintenanceInitialDelayMS=0, maintenanceFrequencyMS=60000, connectionPoolListeners=[], maxConnecting=2}, serverSettings=ServerSettings{heartbeatFrequencyMS=10000, minHeartbeatFrequencyMS=500, serverListeners='[]', serverMonitorListeners='[]'}, sslSettings=SslSettings{enabled=true, invalidHostNameAllowed=false, context=null}, applicationName='null', compressorList=[], uuidRepresentation=JAVA_LEGACY, serverApi=null, autoEncryptionSettings=null, contextProvider=null}
2023-03-16T20:23:05.588-06:00  INFO 11996 --- [8ws.mongodb.net] org.mongodb.driver.cluster               : Adding discovered server ac-6eaicqd-shard-00-00.0kje8ws.mongodb.net:27017 to client view of cluster
2023-03-16T20:23:05.618-06:00  INFO 11996 --- [8ws.mongodb.net] org.mongodb.driver.cluster               : Adding discovered server ac-6eaicqd-shard-00-01.0kje8ws.mongodb.net:27017 to client view of cluster
2023-03-16T20:23:05.622-06:00  INFO 11996 --- [8ws.mongodb.net] org.mongodb.driver.cluster               : Adding discovered server ac-6eaicqd-shard-00-02.0kje8ws.mongodb.net:27017 to client view of cluster
Server server2
Server 2 listening on port 6000 ...
2023-03-16T20:23:06.423-06:00  INFO 11996 --- [ngodb.net:27017] org.mongodb.driver.cluster               : Monitor thread successfully connected to server with description ServerDescription{address=ac-6eaicqd-shard-00-00.0kje8ws.mongodb.net:27017, type=REPLICA_SET_SECONDARY, state=CONNECTED, ok=true, minWireVersion=0, maxWireVersion=13, maxDocumentSize=16777216, logicalSessionTimeoutMinutes=30, roundTripTimeNanos=512641100, setName='atlas-7j47yl-shard-0', canonicalAddress=ac-6eaicqd-shard-00-00.0kje8ws.mongodb.net:27017, hosts=[ac-6eaicqd-shard-00-00.0kje8ws.mongodb.net:27017, ac-6eaicqd-shard-00-02.0kje8ws.mongodb.net:27017, ac-6eaicqd-shard-00-01.0kje8ws.mongodb.net:27017], passives=[], arbiters=[], primary='ac-6eaicqd-shard-00-01.0kje8ws.mongodb.net:27017', tagSet=TagSet{[Tag{name='nodeType', value='ELECTABLE'}, Tag{name='provider', value='AWS'}, Tag{name='region', value='US_EAST_1'}, Tag{name='workloadType', value='OPERATIONAL'}]}, electionId=null, setVersion=11, topologyVersion=TopologyVersion{processId=6405bb4c9fd1bc5ba2c13c67, counter=4}, lastWriteDate=Thu Mar 16 20:23:06 MDT 2023, lastUpdateTimeNanos=3336328583200}
2023-03-16T20:23:06.423-06:00  INFO 11996 --- [ngodb.net:27017] org.mongodb.driver.cluster               : Monitor thread successfully connected to server with description ServerDescription{address=ac-6eaicqd-shard-00-02.0kje8ws.mongodb.net:27017, type=REPLICA_SET_SECONDARY, state=CONNECTED, ok=true, minWireVersion=0, maxWireVersion=13, maxDocumentSize=16777216, logicalSessionTimeoutMinutes=30, roundTripTimeNanos=512620100, setName='atlas-7j47yl-shard-0', canonicalAddress=ac-6eaicqd-shard-00-02.0kje8ws.mongodb.net:27017, hosts=[ac-6eaicqd-shard-00-00.0kje8ws.mongodb.net:27017, ac-6eaicqd-shard-00-02.0kje8ws.mongodb.net:27017, ac-6eaicqd-shard-00-01.0kje8ws.mongodb.net:27017], passives=[], arbiters=[], primary='ac-6eaicqd-shard-00-01.0kje8ws.mongodb.net:27017', tagSet=TagSet{[Tag{name='nodeType', value='ELECTABLE'}, Tag{name='provider', value='AWS'}, Tag{name='region', value='US_EAST_1'}, Tag{name='workloadType', value='OPERATIONAL'}]}, electionId=null, setVersion=11, topologyVersion=TopologyVersion{processId=6405bd3815fbb02f798c7afa, counter=3}, lastWriteDate=Thu Mar 16 20:23:06 MDT 2023, lastUpdateTimeNanos=3336328583300}
2023-03-16T20:23:06.423-06:00  INFO 11996 --- [ngodb.net:27017] org.mongodb.driver.cluster               : Monitor thread successfully connected to server with description ServerDescription{address=ac-6eaicqd-shard-00-01.0kje8ws.mongodb.net:27017, type=REPLICA_SET_PRIMARY, state=CONNECTED, ok=true, minWireVersion=0, maxWireVersion=13, maxDocumentSize=16777216, logicalSessionTimeoutMinutes=30, roundTripTimeNanos=512631100, setName='atlas-7j47yl-shard-0', canonicalAddress=ac-6eaicqd-shard-00-01.0kje8ws.mongodb.net:27017, hosts=[ac-6eaicqd-shard-00-00.0kje8ws.mongodb.net:27017, ac-6eaicqd-shard-00-02.0kje8ws.mongodb.net:27017, ac-6eaicqd-shard-00-01.0kje8ws.mongodb.net:27017], passives=[], arbiters=[], primary='ac-6eaicqd-shard-00-01.0kje8ws.mongodb.net:27017', tagSet=TagSet{[Tag{name='nodeType', value='ELECTABLE'}, Tag{name='provider', value='AWS'}, Tag{name='region', value='US_EAST_1'}, Tag{name='workloadType', value='OPERATIONAL'}]}, electionId=7fffffff00000000000000a3, setVersion=11, topologyVersion=TopologyVersion{processId=6405bc520fabb371796e7a54, counter=6}, lastWriteDate=Thu Mar 16 20:23:06 MDT 2023, lastUpdateTimeNanos=3336328583400}
2023-03-16T20:23:06.429-06:00  INFO 11996 --- [ngodb.net:27017] org.mongodb.driver.cluster               : Discovered replica set primary ac-6eaicqd-shard-00-01.0kje8ws.mongodb.net:27017 with max election id 7fffffff00000000000000a3 and max set version 11
2023-03-16T20:23:06.617-06:00  INFO 11996 --- [           main] o.s.b.w.embedded.tomcat.TomcatWebServer  : Tomcat started on port(s): 8081 (http) with context path ''
2023-03-16T20:23:06.625-06:00  INFO 11996 --- [           main] com.birthdaywisher.server.Application    : Started Application in 4.076 seconds (process running for 4.516)
Connected to server 3
Starting ElectionTask Thread: server2
Read: 01
Received Message: 01
send election message
election message: 01
current server id better than election id
Connected to server 1
Sent Message: 02
