> Task :compileJava UP-TO-DATE
> Task :processResources UP-TO-DATE
> Task :classes UP-TO-DATE
> Task :resolveMainClassName UP-TO-DATE

> Task :bootRun

  .   ____          _            __ _ _
 /\\ / ___'_ __ _ _(_)_ __  __ _ \ \ \ \
( ( )\___ | '_ | '_| | '_ \/ _` | \ \ \ \
 \\/  ___)| |_)| | | | | || (_| |  ) ) ) )
  '  |____| .__|_| |_|_| |_\__, | / / / /
 =========|_|==============|___/=/_/_/_/
 :: Spring Boot ::                (v3.0.2)

2023-03-16T20:22:51.431-06:00  INFO 7416 --- [           main] com.birthdaywisher.server.Application    : Starting Application using Java 19.0.2 with PID 7416 (D:\Documents\20 University\10 Classes\Year 5\CPSC 559\birthday-wisher\server\build\classes\java\main started by jessi in D:\Documents\20 University\10 Classes\Year 5\CPSC 559\birthday-wisher\server)
2023-03-16T20:22:51.437-06:00  INFO 7416 --- [           main] com.birthdaywisher.server.Application    : The following 1 profile is active: "inst1"
2023-03-16T20:22:52.368-06:00  INFO 7416 --- [           main] .s.d.r.c.RepositoryConfigurationDelegate : Bootstrapping Spring Data MongoDB repositories in DEFAULT mode.
2023-03-16T20:22:52.468-06:00  INFO 7416 --- [           main] .s.d.r.c.RepositoryConfigurationDelegate : Finished Spring Data repository scanning in 92 ms. Found 2 MongoDB repository interfaces.
2023-03-16T20:22:53.348-06:00  INFO 7416 --- [           main] o.s.b.w.embedded.tomcat.TomcatWebServer  : Tomcat initialized with port(s): 8080 (http)
2023-03-16T20:22:53.368-06:00  INFO 7416 --- [           main] o.apache.catalina.core.StandardService   : Starting service [Tomcat]
2023-03-16T20:22:53.368-06:00  INFO 7416 --- [           main] o.apache.catalina.core.StandardEngine    : Starting Servlet engine: [Apache Tomcat/10.1.5]
2023-03-16T20:22:53.602-06:00  INFO 7416 --- [           main] o.a.c.c.C.[Tomcat].[localhost].[/]       : Initializing Spring embedded WebApplicationContext
2023-03-16T20:22:53.604-06:00  INFO 7416 --- [           main] w.s.c.ServletWebServerApplicationContext : Root WebApplicationContext: initialization completed in 2090 ms
Leader Election Service instantiated
2023-03-16T20:22:53.989-06:00  INFO 7416 --- [t1p.mongodb.net] org.mongodb.driver.cluster               : Adding discovered server ac-p6phjmp-shard-00-02.u15qt1p.mongodb.net:27017 to client view of cluster
2023-03-16T20:22:54.002-06:00  INFO 7416 --- [           main] org.mongodb.driver.client                : MongoClient with metadata {"driver": {"name": "mongo-java-driver|sync|spring-boot", "version": "4.8.2"}, "os": {"type": "Windows", "name": "Windows 10", "architecture": "amd64", "version": "10.0"}, "platform": "Java/Oracle Corporation/19.0.2+7-44"} created with settings MongoClientSettings{readPreference=primary, writeConcern=WriteConcern{w=null, wTimeout=null ms, journal=null}, retryWrites=true, retryReads=true, readConcern=ReadConcern{level=null}, credential=MongoCredential{mechanism=null, userName='db-user', source='admin', password=<hidden>, mechanismProperties=<hidden>}, streamFactoryFactory=null, commandListeners=[], codecRegistry=ProvidersCodecRegistry{codecProviders=[ValueCodecProvider{}, BsonValueCodecProvider{}, DBRefCodecProvider{}, DBObjectCodecProvider{}, DocumentCodecProvider{}, CollectionCodecProvider{}, IterableCodecProvider{}, MapCodecProvider{}, GeoJsonCodecProvider{}, GridFSFileCodecProvider{}, Jsr310CodecProvider{}, JsonObjectCodecProvider{}, BsonCodecProvider{}, EnumCodecProvider{}, com.mongodb.Jep395RecordCodecProvider@2d55e826]}, clusterSettings={hosts=[127.0.0.1:27017], srvHost=cluster0.u15qt1p.mongodb.net, srvServiceName=mongodb, mode=MULTIPLE, requiredClusterType=REPLICA_SET, requiredReplicaSetName='atlas-u4edr7-shard-0', serverSelector='null', clusterListeners='[]', serverSelectionTimeout='30000 ms', localThreshold='30000 ms'}, socketSettings=SocketSettings{connectTimeoutMS=10000, readTimeoutMS=0, receiveBufferSize=0, sendBufferSize=0}, heartbeatSocketSettings=SocketSettings{connectTimeoutMS=10000, readTimeoutMS=10000, receiveBufferSize=0, sendBufferSize=0}, connectionPoolSettings=ConnectionPoolSettings{maxSize=100, minSize=0, maxWaitTimeMS=120000, maxConnectionLifeTimeMS=0, maxConnectionIdleTimeMS=0, maintenanceInitialDelayMS=0, maintenanceFrequencyMS=60000, connectionPoolListeners=[], maxConnecting=2}, serverSettings=ServerSettings{heartbeatFrequencyMS=10000, minHeartbeatFrequencyMS=500, serverListeners='[]', serverMonitorListeners='[]'}, sslSettings=SslSettings{enabled=true, invalidHostNameAllowed=false, context=null}, applicationName='null', compressorList=[], uuidRepresentation=JAVA_LEGACY, serverApi=null, autoEncryptionSettings=null, contextProvider=null}
2023-03-16T20:22:54.030-06:00  INFO 7416 --- [t1p.mongodb.net] org.mongodb.driver.cluster               : Adding discovered server ac-p6phjmp-shard-00-00.u15qt1p.mongodb.net:27017 to client view of cluster
2023-03-16T20:22:54.031-06:00  INFO 7416 --- [t1p.mongodb.net] org.mongodb.driver.cluster               : Adding discovered server ac-p6phjmp-shard-00-01.u15qt1p.mongodb.net:27017 to client view of cluster
2023-03-16T20:22:54.755-06:00  INFO 7416 --- [ngodb.net:27017] org.mongodb.driver.cluster               : Monitor thread successfully connected to server with description ServerDescription{address=ac-p6phjmp-shard-00-00.u15qt1p.mongodb.net:27017, type=REPLICA_SET_SECONDARY, state=CONNECTED, ok=true, minWireVersion=0, maxWireVersion=13, maxDocumentSize=16777216, logicalSessionTimeoutMinutes=30, roundTripTimeNanos=400436200, setName='atlas-u4edr7-shard-0', canonicalAddress=ac-p6phjmp-shard-00-00.u15qt1p.mongodb.net:27017, hosts=[ac-p6phjmp-shard-00-00.u15qt1p.mongodb.net:27017, ac-p6phjmp-shard-00-02.u15qt1p.mongodb.net:27017, ac-p6phjmp-shard-00-01.u15qt1p.mongodb.net:27017], passives=[], arbiters=[], primary='ac-p6phjmp-shard-00-01.u15qt1p.mongodb.net:27017', tagSet=TagSet{[Tag{name='nodeType', value='ELECTABLE'}, Tag{name='provider', value='AWS'}, Tag{name='region', value='US_WEST_2'}, Tag{name='workloadType', value='OPERATIONAL'}]}, electionId=null, setVersion=7, topologyVersion=TopologyVersion{processId=64010128e977063c02f58425, counter=4}, lastWriteDate=Thu Mar 16 20:22:55 MDT 2023, lastUpdateTimeNanos=3324660579500}
2023-03-16T20:22:54.755-06:00  INFO 7416 --- [ngodb.net:27017] org.mongodb.driver.cluster               : Monitor thread successfully connected to server with description ServerDescription{address=ac-p6phjmp-shard-00-02.u15qt1p.mongodb.net:27017, type=REPLICA_SET_SECONDARY, state=CONNECTED, ok=true, minWireVersion=0, maxWireVersion=13, maxDocumentSize=16777216, logicalSessionTimeoutMinutes=30, roundTripTimeNanos=406127400, setName='atlas-u4edr7-shard-0', canonicalAddress=ac-p6phjmp-shard-00-02.u15qt1p.mongodb.net:27017, hosts=[ac-p6phjmp-shard-00-00.u15qt1p.mongodb.net:27017, ac-p6phjmp-shard-00-02.u15qt1p.mongodb.net:27017, ac-p6phjmp-shard-00-01.u15qt1p.mongodb.net:27017], passives=[], arbiters=[], primary='ac-p6phjmp-shard-00-01.u15qt1p.mongodb.net:27017', tagSet=TagSet{[Tag{name='nodeType', value='ELECTABLE'}, Tag{name='provider', value='AWS'}, Tag{name='region', value='US_WEST_2'}, Tag{name='workloadType', value='OPERATIONAL'}]}, electionId=null, setVersion=7, topologyVersion=TopologyVersion{processId=640103502b9b212e4cee4ee0, counter=3}, lastWriteDate=Thu Mar 16 20:22:55 MDT 2023, lastUpdateTimeNanos=3324660757400}
2023-03-16T20:22:54.755-06:00  INFO 7416 --- [ngodb.net:27017] org.mongodb.driver.cluster               : Monitor thread successfully connected to server with description ServerDescription{address=ac-p6phjmp-shard-00-01.u15qt1p.mongodb.net:27017, type=REPLICA_SET_PRIMARY, state=CONNECTED, ok=true, minWireVersion=0, maxWireVersion=13, maxDocumentSize=16777216, logicalSessionTimeoutMinutes=30, roundTripTimeNanos=400448700, setName='atlas-u4edr7-shard-0', canonicalAddress=ac-p6phjmp-shard-00-01.u15qt1p.mongodb.net:27017, hosts=[ac-p6phjmp-shard-00-00.u15qt1p.mongodb.net:27017, ac-p6phjmp-shard-00-02.u15qt1p.mongodb.net:27017, ac-p6phjmp-shard-00-01.u15qt1p.mongodb.net:27017], passives=[], arbiters=[], primary='ac-p6phjmp-shard-00-01.u15qt1p.mongodb.net:27017', tagSet=TagSet{[Tag{name='nodeType', value='ELECTABLE'}, Tag{name='provider', value='AWS'}, Tag{name='region', value='US_WEST_2'}, Tag{name='workloadType', value='OPERATIONAL'}]}, electionId=7fffffff000000000000005b, setVersion=7, topologyVersion=TopologyVersion{processId=64010270ec6478fdc80a860b, counter=6}, lastWriteDate=Thu Mar 16 20:22:55 MDT 2023, lastUpdateTimeNanos=3324660592600}
2023-03-16T20:22:54.762-06:00  INFO 7416 --- [ngodb.net:27017] org.mongodb.driver.cluster               : Discovered replica set primary ac-p6phjmp-shard-00-01.u15qt1p.mongodb.net:27017 with max election id 7fffffff000000000000005b and max set version 7
Server server3
Server 3 listening on port 7000 ...
2023-03-16T20:22:55.718-06:00  INFO 7416 --- [           main] o.s.b.w.embedded.tomcat.TomcatWebServer  : Tomcat started on port(s): 8080 (http) with context path ''
2023-03-16T20:22:55.731-06:00  INFO 7416 --- [           main] com.birthdaywisher.server.Application    : Started Application in 4.91 seconds (process running for 5.479)
Connected to server 1
Starting HeartbeatTask Thread
Sending Heartbeat Msg to Successor Port: 5000
Sent Message: 2
Sending Heartbeat Msg to Successor Port: 5000
Sent Message: 2
